mode: set
airbnb/features/feedback/services/service.go:17.79,21.2 1 1
airbnb/features/feedback/services/service.go:23.118,25.17 2 1
airbnb/features/feedback/services/service.go:25.17,28.3 2 1
airbnb/features/feedback/services/service.go:29.2,30.16 2 1
airbnb/features/feedback/services/service.go:30.16,32.49 2 0
airbnb/features/feedback/services/service.go:32.49,34.4 1 0
airbnb/features/feedback/services/service.go:34.9,36.4 1 0
airbnb/features/feedback/services/service.go:37.3,38.25 2 0
airbnb/features/feedback/services/service.go:40.2,40.12 1 1
airbnb/features/feedback/services/service.go:44.111,49.16 3 1
airbnb/features/feedback/services/service.go:49.16,51.49 2 1
airbnb/features/feedback/services/service.go:51.49,53.4 1 1
airbnb/features/feedback/services/service.go:53.9,55.4 1 1
airbnb/features/feedback/services/service.go:56.3,56.52 1 1
airbnb/features/feedback/services/service.go:59.2,59.17 1 1
airbnb/features/homestay/services/service.go:18.63,23.2 1 1
airbnb/features/homestay/services/service.go:25.132,28.17 2 1
airbnb/features/homestay/services/service.go:28.17,30.3 1 1
airbnb/features/homestay/services/service.go:32.2,33.16 2 1
airbnb/features/homestay/services/service.go:33.16,35.3 1 0
airbnb/features/homestay/services/service.go:36.2,40.16 3 1
airbnb/features/homestay/services/service.go:40.16,43.3 2 1
airbnb/features/homestay/services/service.go:45.2,45.17 1 1
airbnb/features/homestay/services/service.go:48.63,51.16 2 1
airbnb/features/homestay/services/service.go:51.16,52.48 1 1
airbnb/features/homestay/services/service.go:52.48,54.4 1 1
airbnb/features/homestay/services/service.go:54.9,56.4 1 1
airbnb/features/homestay/services/service.go:58.2,58.17 1 1
airbnb/features/homestay/services/service.go:61.79,64.16 2 1
airbnb/features/homestay/services/service.go:64.16,65.49 1 1
airbnb/features/homestay/services/service.go:65.49,67.4 1 1
airbnb/features/homestay/services/service.go:67.9,69.4 1 1
airbnb/features/homestay/services/service.go:72.2,72.17 1 1
airbnb/features/homestay/services/service.go:75.156,78.17 2 1
airbnb/features/homestay/services/service.go:78.17,80.3 1 1
airbnb/features/homestay/services/service.go:82.2,83.16 2 1
airbnb/features/homestay/services/service.go:83.16,85.3 1 0
airbnb/features/homestay/services/service.go:86.2,90.16 3 1
airbnb/features/homestay/services/service.go:90.16,91.49 1 1
airbnb/features/homestay/services/service.go:91.49,93.4 1 1
airbnb/features/homestay/services/service.go:93.9,95.4 1 1
airbnb/features/homestay/services/service.go:98.2,98.17 1 1
airbnb/features/homestay/services/service.go:101.77,106.16 3 1
airbnb/features/homestay/services/service.go:106.16,109.3 2 1
airbnb/features/homestay/services/service.go:111.2,111.12 1 1
airbnb/features/homestay/services/service.go:114.83,119.16 3 1
airbnb/features/homestay/services/service.go:119.16,121.49 2 1
airbnb/features/homestay/services/service.go:121.49,123.4 1 1
airbnb/features/homestay/services/service.go:123.9,125.4 1 1
airbnb/features/homestay/services/service.go:126.3,126.44 1 1
airbnb/features/homestay/services/service.go:129.2,129.17 1 1
airbnb/features/user/services/service.go:20.45,24.2 1 1
airbnb/features/user/services/service.go:27.56,30.16 3 1
airbnb/features/user/services/service.go:30.16,33.3 2 1
airbnb/features/user/services/service.go:34.2,34.12 1 1
airbnb/features/user/services/service.go:38.88,40.16 2 1
airbnb/features/user/services/service.go:40.16,42.49 2 1
airbnb/features/user/services/service.go:42.49,44.4 1 1
airbnb/features/user/services/service.go:44.9,46.4 1 1
airbnb/features/user/services/service.go:47.3,47.42 1 1
airbnb/features/user/services/service.go:50.2,50.71 1 1
airbnb/features/user/services/service.go:50.71,53.3 2 1
airbnb/features/user/services/service.go:55.2,62.27 7 1
airbnb/features/user/services/service.go:66.70,69.16 3 1
airbnb/features/user/services/service.go:69.16,72.3 2 1
airbnb/features/user/services/service.go:73.2,73.17 1 1
airbnb/features/user/services/service.go:77.71,82.16 4 1
airbnb/features/user/services/service.go:82.16,84.50 2 1
airbnb/features/user/services/service.go:84.50,86.4 1 1
airbnb/features/user/services/service.go:86.9,88.4 1 1
airbnb/features/user/services/service.go:89.3,89.38 1 1
airbnb/features/user/services/service.go:92.2,92.17 1 1
airbnb/features/user/services/service.go:96.122,104.16 6 1
airbnb/features/user/services/service.go:104.16,106.3 1 0
airbnb/features/user/services/service.go:107.2,109.16 3 1
airbnb/features/user/services/service.go:109.16,111.49 2 1
airbnb/features/user/services/service.go:111.49,113.4 1 1
airbnb/features/user/services/service.go:113.9,113.52 1 1
airbnb/features/user/services/service.go:113.52,115.4 1 1
airbnb/features/user/services/service.go:115.9,115.60 1 1
airbnb/features/user/services/service.go:115.60,117.4 1 1
airbnb/features/user/services/service.go:118.3,118.38 1 1
airbnb/features/user/services/service.go:120.2,120.17 1 1
