mode: set
airbnb/features/homestay/services/service.go:18.63,23.2 1 1
airbnb/features/homestay/services/service.go:25.132,28.17 2 1
airbnb/features/homestay/services/service.go:28.17,30.3 1 1
airbnb/features/homestay/services/service.go:32.2,33.16 2 1
airbnb/features/homestay/services/service.go:33.16,35.3 1 0
airbnb/features/homestay/services/service.go:36.2,40.16 3 1
airbnb/features/homestay/services/service.go:40.16,43.3 2 1
airbnb/features/homestay/services/service.go:45.2,45.17 1 1
airbnb/features/homestay/services/service.go:48.63,51.16 2 0
airbnb/features/homestay/services/service.go:51.16,52.48 1 0
airbnb/features/homestay/services/service.go:52.48,54.4 1 0
airbnb/features/homestay/services/service.go:54.9,56.4 1 0
airbnb/features/homestay/services/service.go:58.2,58.17 1 0
airbnb/features/homestay/services/service.go:61.79,64.16 2 0
airbnb/features/homestay/services/service.go:64.16,65.49 1 0
airbnb/features/homestay/services/service.go:65.49,67.4 1 0
airbnb/features/homestay/services/service.go:67.9,69.4 1 0
airbnb/features/homestay/services/service.go:72.2,72.17 1 0
airbnb/features/homestay/services/service.go:75.156,78.17 2 1
airbnb/features/homestay/services/service.go:78.17,80.3 1 1
airbnb/features/homestay/services/service.go:82.2,83.16 2 1
airbnb/features/homestay/services/service.go:83.16,85.3 1 0
airbnb/features/homestay/services/service.go:86.2,90.16 3 1
airbnb/features/homestay/services/service.go:90.16,91.49 1 1
airbnb/features/homestay/services/service.go:91.49,93.4 1 1
airbnb/features/homestay/services/service.go:93.9,95.4 1 1
airbnb/features/homestay/services/service.go:98.2,98.17 1 1
airbnb/features/homestay/services/service.go:101.77,106.16 3 0
airbnb/features/homestay/services/service.go:106.16,109.3 2 0
airbnb/features/homestay/services/service.go:111.2,111.12 1 0
airbnb/features/homestay/services/service.go:114.83,119.16 3 0
airbnb/features/homestay/services/service.go:119.16,121.49 2 0
airbnb/features/homestay/services/service.go:121.49,123.4 1 0
airbnb/features/homestay/services/service.go:123.9,125.4 1 0
airbnb/features/homestay/services/service.go:126.3,126.44 1 0
airbnb/features/homestay/services/service.go:129.2,129.17 1 0
